<?xml version="1.0" encoding="UTF-8"?>
<testsuite xmlns:xsi="http://www.w3.org/2001/XMLSchema-instance" xsi:noNamespaceSchemaLocation="https://maven.apache.org/surefire/maven-surefire-plugin/xsd/surefire-test-report.xsd" version="3.0.2" name="edu.eci.cvds.Labtools.model.UserTest" time="0.084" tests="4" errors="0" skipped="0" failures="0">
  <properties>
[...]
</properties>
  <testcase name="testRemoveBookingFailsBecauseBookingIsEmpty" classname="edu.eci.cvds.Labtools.model.UserTest" time="0.015">
    <system-out><![CDATA[2025-03-28T21:41:57.399-05:00  INFO 18448 --- [labtools] [           main] t.c.s.AnnotationConfigContextLoaderUtils : Could not detect default configuration classes for test class [edu.eci.cvds.Labtools.model.UserTest]: UserTest does not declare any static, non-private, non-final, nested classes annotated with @Configuration.
2025-03-28T21:41:57.405-05:00  INFO 18448 --- [labtools] [           main] .b.t.c.SpringBootTestContextBootstrapper : Found @SpringBootConfiguration edu.eci.cvds.Labtools.LabtoolsApplication for test class edu.eci.cvds.Labtools.model.UserTest
]]></system-out>
  </testcase>
  <testcase name="testRemoveBooking" classname="edu.eci.cvds.Labtools.model.UserTest" time="0.012"/>
  <testcase name="testAddBookingMaximumThree" classname="edu.eci.cvds.Labtools.model.UserTest" time="0.012"/>
  <testcase name="testAddBooking" classname="edu.eci.cvds.Labtools.model.UserTest" time="0.009"/>
</testsuite>