<?xml version="1.0" encoding="UTF-8"?>
<testsuite xmlns:xsi="http://www.w3.org/2001/XMLSchema-instance" xsi:noNamespaceSchemaLocation="https://maven.apache.org/surefire/maven-surefire-plugin/xsd/surefire-test-report.xsd" version="3.0.2" name="edu.eci.cvds.Labtools.service.BasicEmailVerificationServiceTest" time="0.355" tests="4" errors="0" skipped="0" failures="0">
  <properties>
[...]
</properties>
  <testcase name="testThrowTheCorrectExceptionBecauseEmailIsVoid" classname="edu.eci.cvds.Labtools.service.BasicEmailVerificationServiceTest" time="0.004">
    <system-out><![CDATA[2025-03-20T15:39:35.942-05:00  INFO 8356 --- [labtools] [           main] t.c.s.AnnotationConfigContextLoaderUtils : Could not detect default configuration classes for test class [edu.eci.cvds.Labtools.service.BasicEmailVerificationServiceTest]: BasicEmailVerificationServiceTest does not declare any static, non-private, non-final, nested classes annotated with @Configuration.
2025-03-20T15:39:35.944-05:00  INFO 8356 --- [labtools] [           main] .b.t.c.SpringBootTestContextBootstrapper : Found @SpringBootConfiguration edu.eci.cvds.Labtools.LabtoolsApplication for test class edu.eci.cvds.Labtools.service.BasicEmailVerificationServiceTest

  .   ____          _            __ _ _
 /\\ / ___'_ __ _ _(_)_ __  __ _ \ \ \ \
( ( )\___ | '_ | '_| | '_ \/ _` | \ \ \ \
 \\/  ___)| |_)| | | | | || (_| |  ) ) ) )
  '  |____| .__|_| |_|_| |_\__, | / / / /
 =========|_|==============|___/=/_/_/_/

 :: Spring Boot ::                (v3.4.3)

2025-03-20T15:39:35.974-05:00  INFO 8356 --- [labtools] [           main] .c.L.s.BasicEmailVerificationServiceTest : Starting BasicEmailVerificationServiceTest using Java 23.0.1 with PID 8356 (started by migue in C:\Users\migue\Desktop\Sexto Semestre\CVDS\proyectoCVDSPrimerCorte\Skynet2.0Back)
2025-03-20T15:39:35.974-05:00  INFO 8356 --- [labtools] [           main] .c.L.s.BasicEmailVerificationServiceTest : No active profile set, falling back to 1 default profile: "default"
2025-03-20T15:39:36.083-05:00  INFO 8356 --- [labtools] [           main] .s.d.r.c.RepositoryConfigurationDelegate : Bootstrapping Spring Data MongoDB repositories in DEFAULT mode.
2025-03-20T15:39:36.096-05:00  INFO 8356 --- [labtools] [           main] .s.d.r.c.RepositoryConfigurationDelegate : Finished Spring Data repository scanning in 12 ms. Found 3 MongoDB repository interfaces.
2025-03-20T15:39:36.138-05:00  INFO 8356 --- [labtools] [ngodb.net:27017] org.mongodb.driver.cluster               : Monitor thread successfully connected to server with description ServerDescription{address=labtools-shard-00-02.idjq5.mongodb.net:27017, type=REPLICA_SET_SECONDARY, cryptd=false, state=CONNECTED, ok=true, minWireVersion=0, maxWireVersion=25, maxDocumentSize=16777216, logicalSessionTimeoutMinutes=30, roundTripTimeNanos=236282600, minRoundTripTimeNanos=0, setName='atlas-syywxz-shard-0', canonicalAddress=labtools-shard-00-02.idjq5.mongodb.net:27017, hosts=[labtools-shard-00-00.idjq5.mongodb.net:27017, labtools-shard-00-01.idjq5.mongodb.net:27017, labtools-shard-00-02.idjq5.mongodb.net:27017], passives=[], arbiters=[], primary='labtools-shard-00-01.idjq5.mongodb.net:27017', tagSet=TagSet{[Tag{name='availabilityZone', value='use1-az6'}, Tag{name='diskState', value='READY'}, Tag{name='nodeType', value='ELECTABLE'}, Tag{name='provider', value='AWS'}, Tag{name='region', value='US_EAST_1'}, Tag{name='workloadType', value='OPERATIONAL'}]}, electionId=null, setVersion=115, topologyVersion=TopologyVersion{processId=67db005a1217e27817c224c9, counter=3}, lastWriteDate=Thu Mar 20 15:39:37 GMT-05:00 2025, lastUpdateTimeNanos=14782756417300}
2025-03-20T15:39:36.138-05:00  INFO 8356 --- [labtools] [ngodb.net:27017] org.mongodb.driver.cluster               : Monitor thread successfully connected to server with description ServerDescription{address=labtools-shard-00-00.idjq5.mongodb.net:27017, type=REPLICA_SET_SECONDARY, cryptd=false, state=CONNECTED, ok=true, minWireVersion=0, maxWireVersion=25, maxDocumentSize=16777216, logicalSessionTimeoutMinutes=30, roundTripTimeNanos=234814100, minRoundTripTimeNanos=0, setName='atlas-syywxz-shard-0', canonicalAddress=labtools-shard-00-00.idjq5.mongodb.net:27017, hosts=[labtools-shard-00-00.idjq5.mongodb.net:27017, labtools-shard-00-01.idjq5.mongodb.net:27017, labtools-shard-00-02.idjq5.mongodb.net:27017], passives=[], arbiters=[], primary='labtools-shard-00-01.idjq5.mongodb.net:27017', tagSet=TagSet{[Tag{name='availabilityZone', value='use1-az2'}, Tag{name='diskState', value='READY'}, Tag{name='nodeType', value='ELECTABLE'}, Tag{name='provider', value='AWS'}, Tag{name='region', value='US_EAST_1'}, Tag{name='workloadType', value='OPERATIONAL'}]}, electionId=null, setVersion=115, topologyVersion=TopologyVersion{processId=67d85ca7ca3ad766d3a50b28, counter=4}, lastWriteDate=Thu Mar 20 15:39:37 GMT-05:00 2025, lastUpdateTimeNanos=14782756417400}
2025-03-20T15:39:36.138-05:00  INFO 8356 --- [labtools] [ngodb.net:27017] org.mongodb.driver.cluster               : Monitor thread successfully connected to server with description ServerDescription{address=labtools-shard-00-01.idjq5.mongodb.net:27017, type=REPLICA_SET_PRIMARY, cryptd=false, state=CONNECTED, ok=true, minWireVersion=0, maxWireVersion=25, maxDocumentSize=16777216, logicalSessionTimeoutMinutes=30, roundTripTimeNanos=246100400, minRoundTripTimeNanos=0, setName='atlas-syywxz-shard-0', canonicalAddress=labtools-shard-00-01.idjq5.mongodb.net:27017, hosts=[labtools-shard-00-00.idjq5.mongodb.net:27017, labtools-shard-00-01.idjq5.mongodb.net:27017, labtools-shard-00-02.idjq5.mongodb.net:27017], passives=[], arbiters=[], primary='labtools-shard-00-01.idjq5.mongodb.net:27017', tagSet=TagSet{[Tag{name='availabilityZone', value='use1-az4'}, Tag{name='diskState', value='READY'}, Tag{name='nodeType', value='ELECTABLE'}, Tag{name='provider', value='AWS'}, Tag{name='region', value='US_EAST_1'}, Tag{name='workloadType', value='OPERATIONAL'}]}, electionId=7fffffff00000000000001af, setVersion=115, topologyVersion=TopologyVersion{processId=67d32b24a7eaf0e41e6e9337, counter=6}, lastWriteDate=Thu Mar 20 15:39:37 GMT-05:00 2025, lastUpdateTimeNanos=14782756417400}
2025-03-20T15:39:36.140-05:00  INFO 8356 --- [labtools] [ngodb.net:27017] org.mongodb.driver.cluster               : Discovered replica set primary labtools-shard-00-01.idjq5.mongodb.net:27017 with max election id 7fffffff00000000000001af and max set version 115
2025-03-20T15:39:36.162-05:00  INFO 8356 --- [labtools] [           main] org.mongodb.driver.client                : MongoClient with metadata {"application": {"name": "labTools"}, "driver": {"name": "mongo-java-driver|sync|spring-boot", "version": "5.2.1"}, "os": {"type": "Windows", "name": "Windows 10", "architecture": "amd64", "version": "10.0"}, "platform": "Java/Oracle Corporation/23.0.1+11-39"} created with settings MongoClientSettings{readPreference=primary, writeConcern=WriteConcern{w=majority, wTimeout=null ms, journal=null}, retryWrites=true, retryReads=true, readConcern=ReadConcern{level=null}, credential=MongoCredential{mechanism=null, userName='ivanCubillos', source='admin', password=<hidden>, mechanismProperties=<hidden>}, transportSettings=null, commandListeners=[], codecRegistry=ProvidersCodecRegistry{codecProviders=[ValueCodecProvider{}, BsonValueCodecProvider{}, DBRefCodecProvider{}, DBObjectCodecProvider{}, DocumentCodecProvider{}, CollectionCodecProvider{}, IterableCodecProvider{}, MapCodecProvider{}, GeoJsonCodecProvider{}, GridFSFileCodecProvider{}, Jsr310CodecProvider{}, JsonObjectCodecProvider{}, BsonCodecProvider{}, EnumCodecProvider{}, com.mongodb.client.model.mql.ExpressionCodecProvider@27e713d4, com.mongodb.Jep395RecordCodecProvider@41e5038a, com.mongodb.KotlinCodecProvider@75630d9e]}, loggerSettings=LoggerSettings{maxDocumentLength=1000}, clusterSettings={hosts=[127.0.0.1:27017], srvHost=labtools.idjq5.mongodb.net, srvServiceName=mongodb, mode=MULTIPLE, requiredClusterType=REPLICA_SET, requiredReplicaSetName='atlas-syywxz-shard-0', serverSelector='null', clusterListeners='[]', serverSelectionTimeout='30000 ms', localThreshold='15 ms'}, socketSettings=SocketSettings{connectTimeoutMS=10000, readTimeoutMS=0, receiveBufferSize=0, proxySettings=ProxySettings{host=null, port=null, username=null, password=null}}, heartbeatSocketSettings=SocketSettings{connectTimeoutMS=10000, readTimeoutMS=10000, receiveBufferSize=0, proxySettings=ProxySettings{host=null, port=null, username=null, password=null}}, connectionPoolSettings=ConnectionPoolSettings{maxSize=100, minSize=0, maxWaitTimeMS=120000, maxConnectionLifeTimeMS=0, maxConnectionIdleTimeMS=0, maintenanceInitialDelayMS=0, maintenanceFrequencyMS=60000, connectionPoolListeners=[], maxConnecting=2}, serverSettings=ServerSettings{heartbeatFrequencyMS=10000, minHeartbeatFrequencyMS=500, serverMonitoringMode=AUTO, serverListeners='[]', serverMonitorListeners='[]'}, sslSettings=SslSettings{enabled=true, invalidHostNameAllowed=false, context=null}, applicationName='labTools', compressorList=[], uuidRepresentation=JAVA_LEGACY, serverApi=null, autoEncryptionSettings=null, dnsClient=null, inetAddressResolver=null, contextProvider=null, timeoutMS=null}
2025-03-20T15:39:36.186-05:00  INFO 8356 --- [labtools] [jq5.mongodb.net] org.mongodb.driver.cluster               : Adding discovered server labtools-shard-00-01.idjq5.mongodb.net:27017 to client view of cluster
2025-03-20T15:39:36.189-05:00  INFO 8356 --- [labtools] [jq5.mongodb.net] org.mongodb.driver.cluster               : Adding discovered server labtools-shard-00-00.idjq5.mongodb.net:27017 to client view of cluster
2025-03-20T15:39:36.190-05:00  INFO 8356 --- [labtools] [jq5.mongodb.net] org.mongodb.driver.cluster               : Adding discovered server labtools-shard-00-02.idjq5.mongodb.net:27017 to client view of cluster
2025-03-20T15:39:36.283-05:00  INFO 8356 --- [labtools] [           main] .c.L.s.BasicEmailVerificationServiceTest : Started BasicEmailVerificationServiceTest in 0.333 seconds (process running for 8.325)
]]></system-out>
  </testcase>
  <testcase name="testThrowTheCorrectExceptionBecauseEmailDomainIsIncorrect" classname="edu.eci.cvds.Labtools.service.BasicEmailVerificationServiceTest" time="0.003"/>
  <testcase name="testVerificationOfAGoodEmail" classname="edu.eci.cvds.Labtools.service.BasicEmailVerificationServiceTest" time="0.001"/>
  <testcase name="testThrowTheCorrectExceptionBecauseTextIsNotAnEmail" classname="edu.eci.cvds.Labtools.service.BasicEmailVerificationServiceTest" time="0.001"/>
</testsuite>