<?xml version="1.0" encoding="UTF-8"?>
<testsuite xmlns:xsi="http://www.w3.org/2001/XMLSchema-instance" xsi:noNamespaceSchemaLocation="https://maven.apache.org/surefire/maven-surefire-plugin/xsd/surefire-test-report.xsd" version="3.0.2" name="edu.eci.cvds.Labtools.controller.QueryControllerTest" time="0.44" tests="3" errors="0" skipped="0" failures="0">
  <properties>
[...]
</properties>
  <testcase name="testQueryLabsInAnyDate" classname="edu.eci.cvds.Labtools.controller.QueryControllerTest" time="0.022">
    <system-out><![CDATA[2025-03-31T19:21:15.607-05:00  INFO 17916 --- [labtools] [           main] t.c.s.AnnotationConfigContextLoaderUtils : Could not detect default configuration classes for test class [edu.eci.cvds.Labtools.controller.QueryControllerTest]: QueryControllerTest does not declare any static, non-private, non-final, nested classes annotated with @Configuration.
2025-03-31T19:21:15.610-05:00  INFO 17916 --- [labtools] [           main] .b.t.c.SpringBootTestContextBootstrapper : Found @SpringBootConfiguration edu.eci.cvds.Labtools.LabtoolsApplication for test class edu.eci.cvds.Labtools.controller.QueryControllerTest

  .   ____          _            __ _ _
 /\\ / ___'_ __ _ _(_)_ __  __ _ \ \ \ \
( ( )\___ | '_ | '_| | '_ \/ _` | \ \ \ \
 \\/  ___)| |_)| | | | | || (_| |  ) ) ) )
  '  |____| .__|_| |_|_| |_\__, | / / / /
 =========|_|==============|___/=/_/_/_/

 :: Spring Boot ::                (v3.4.3)

2025-03-31T19:21:15.640-05:00  INFO 17916 --- [labtools] [           main] e.e.c.L.controller.QueryControllerTest   : Starting QueryControllerTest using Java 23.0.1 with PID 17916 (started by migue in C:\Users\migue\Desktop\Sexto Semestre\CVDS\proyectoCVDSPrimerCorte\Skynet2.0Back)
2025-03-31T19:21:15.640-05:00  INFO 17916 --- [labtools] [           main] e.e.c.L.controller.QueryControllerTest   : No active profile set, falling back to 1 default profile: "default"
2025-03-31T19:21:15.763-05:00  INFO 17916 --- [labtools] [           main] .s.d.r.c.RepositoryConfigurationDelegate : Bootstrapping Spring Data MongoDB repositories in DEFAULT mode.
2025-03-31T19:21:15.778-05:00  INFO 17916 --- [labtools] [           main] .s.d.r.c.RepositoryConfigurationDelegate : Finished Spring Data repository scanning in 14 ms. Found 3 MongoDB repository interfaces.
2025-03-31T19:21:15.886-05:00  INFO 17916 --- [labtools] [           main] org.mongodb.driver.client                : MongoClient with metadata {"application": {"name": "labTools"}, "driver": {"name": "mongo-java-driver|sync|spring-boot", "version": "5.2.1"}, "os": {"type": "Windows", "name": "Windows 10", "architecture": "amd64", "version": "10.0"}, "platform": "Java/Oracle Corporation/23.0.1+11-39"} created with settings MongoClientSettings{readPreference=primary, writeConcern=WriteConcern{w=majority, wTimeout=null ms, journal=null}, retryWrites=true, retryReads=true, readConcern=ReadConcern{level=null}, credential=MongoCredential{mechanism=null, userName='ivanCubillos', source='admin', password=<hidden>, mechanismProperties=<hidden>}, transportSettings=null, commandListeners=[], codecRegistry=ProvidersCodecRegistry{codecProviders=[ValueCodecProvider{}, BsonValueCodecProvider{}, DBRefCodecProvider{}, DBObjectCodecProvider{}, DocumentCodecProvider{}, CollectionCodecProvider{}, IterableCodecProvider{}, MapCodecProvider{}, GeoJsonCodecProvider{}, GridFSFileCodecProvider{}, Jsr310CodecProvider{}, JsonObjectCodecProvider{}, BsonCodecProvider{}, EnumCodecProvider{}, com.mongodb.client.model.mql.ExpressionCodecProvider@13809190, com.mongodb.Jep395RecordCodecProvider@434c0d22, com.mongodb.KotlinCodecProvider@1de7c0ad]}, loggerSettings=LoggerSettings{maxDocumentLength=1000}, clusterSettings={hosts=[127.0.0.1:27017], srvHost=labtools.idjq5.mongodb.net, srvServiceName=mongodb, mode=MULTIPLE, requiredClusterType=REPLICA_SET, requiredReplicaSetName='atlas-syywxz-shard-0', serverSelector='null', clusterListeners='[]', serverSelectionTimeout='30000 ms', localThreshold='15 ms'}, socketSettings=SocketSettings{connectTimeoutMS=10000, readTimeoutMS=0, receiveBufferSize=0, proxySettings=ProxySettings{host=null, port=null, username=null, password=null}}, heartbeatSocketSettings=SocketSettings{connectTimeoutMS=10000, readTimeoutMS=10000, receiveBufferSize=0, proxySettings=ProxySettings{host=null, port=null, username=null, password=null}}, connectionPoolSettings=ConnectionPoolSettings{maxSize=100, minSize=0, maxWaitTimeMS=120000, maxConnectionLifeTimeMS=0, maxConnectionIdleTimeMS=0, maintenanceInitialDelayMS=0, maintenanceFrequencyMS=60000, connectionPoolListeners=[], maxConnecting=2}, serverSettings=ServerSettings{heartbeatFrequencyMS=10000, minHeartbeatFrequencyMS=500, serverMonitoringMode=AUTO, serverListeners='[]', serverMonitorListeners='[]'}, sslSettings=SslSettings{enabled=true, invalidHostNameAllowed=false, context=null}, applicationName='labTools', compressorList=[], uuidRepresentation=JAVA_LEGACY, serverApi=null, autoEncryptionSettings=null, dnsClient=null, inetAddressResolver=null, contextProvider=null, timeoutMS=null}
2025-03-31T19:21:15.907-05:00  INFO 17916 --- [labtools] [jq5.mongodb.net] org.mongodb.driver.cluster               : Adding discovered server labtools-shard-00-01.idjq5.mongodb.net:27017 to client view of cluster
2025-03-31T19:21:15.909-05:00  INFO 17916 --- [labtools] [jq5.mongodb.net] org.mongodb.driver.cluster               : Adding discovered server labtools-shard-00-00.idjq5.mongodb.net:27017 to client view of cluster
2025-03-31T19:21:15.910-05:00  INFO 17916 --- [labtools] [jq5.mongodb.net] org.mongodb.driver.cluster               : Adding discovered server labtools-shard-00-02.idjq5.mongodb.net:27017 to client view of cluster
2025-03-31T19:21:15.940-05:00  WARN 17916 --- [labtools] [           main] .s.s.UserDetailsServiceAutoConfiguration : 

Using generated security password: e199cf06-8591-435a-9264-fb146e5a6b6e

This generated password is for development use only. Your security configuration must be updated before running your application in production.

2025-03-31T19:21:15.941-05:00  INFO 17916 --- [labtools] [           main] r$InitializeUserDetailsManagerConfigurer : Global AuthenticationManager configured with UserDetailsService bean with name inMemoryUserDetailsManager
2025-03-31T19:21:16.002-05:00  INFO 17916 --- [labtools] [           main] o.s.b.t.m.w.SpringBootMockServletContext : Initializing Spring TestDispatcherServlet ''
2025-03-31T19:21:16.002-05:00  INFO 17916 --- [labtools] [           main] o.s.t.web.servlet.TestDispatcherServlet  : Initializing Servlet ''
2025-03-31T19:21:16.002-05:00  INFO 17916 --- [labtools] [           main] o.s.t.web.servlet.TestDispatcherServlet  : Completed initialization in 0 ms
2025-03-31T19:21:16.007-05:00  INFO 17916 --- [labtools] [           main] e.e.c.L.controller.QueryControllerTest   : Started QueryControllerTest in 0.394 seconds (process running for 8.111)
]]></system-out>
  </testcase>
  <testcase name="testQueryAllTheBookingsIfTheUserHaveBookings" classname="edu.eci.cvds.Labtools.controller.QueryControllerTest" time="0.009"/>
  <testcase name="testQueryAllTheBookingsIfTheUserNotHaveBookings" classname="edu.eci.cvds.Labtools.controller.QueryControllerTest" time="0.005"/>
</testsuite>