<?xml version="1.0" encoding="UTF-8"?>
<testsuite xmlns:xsi="http://www.w3.org/2001/XMLSchema-instance" xsi:noNamespaceSchemaLocation="https://maven.apache.org/surefire/maven-surefire-plugin/xsd/surefire-test-report.xsd" version="3.0.2" name="edu.eci.cvds.Labtools.service.BasicEmailVerificationServiceTest" time="6.682" tests="1" errors="0" skipped="0" failures="0">
  <properties>
[...]
</properties>
  <testcase name="testGetUserById" classname="edu.eci.cvds.Labtools.service.BasicEmailVerificationServiceTest" time="0.051">
    <system-out><![CDATA[12:21:07.791 [main] INFO org.springframework.test.context.support.AnnotationConfigContextLoaderUtils -- Could not detect default configuration classes for test class [edu.eci.cvds.Labtools.service.BasicEmailVerificationServiceTest]: BasicEmailVerificationServiceTest does not declare any static, non-private, non-final, nested classes annotated with @Configuration.
12:21:07.986 [main] INFO org.springframework.boot.test.context.SpringBootTestContextBootstrapper -- Found @SpringBootConfiguration edu.eci.cvds.Labtools.LabtoolsApplication for test class edu.eci.cvds.Labtools.service.BasicEmailVerificationServiceTest

  .   ____          _            __ _ _
 /\\ / ___'_ __ _ _(_)_ __  __ _ \ \ \ \
( ( )\___ | '_ | '_| | '_ \/ _` | \ \ \ \
 \\/  ___)| |_)| | | | | || (_| |  ) ) ) )
  '  |____| .__|_| |_|_| |_\__, | / / / /
 =========|_|==============|___/=/_/_/_/

 :: Spring Boot ::                (v3.4.3)

2025-03-09T12:21:08.640-05:00  INFO 7520 --- [Labtools] [           main] .c.L.s.BasicEmailVerificationServiceTest : Starting BasicEmailVerificationServiceTest using Java 21.0.4 with PID 7520 (started by Yojhan in G:\DATOS\Escritorio\Skynet2.0Back)
2025-03-09T12:21:08.641-05:00  INFO 7520 --- [Labtools] [           main] .c.L.s.BasicEmailVerificationServiceTest : No active profile set, falling back to 1 default profile: "default"
2025-03-09T12:21:09.388-05:00  INFO 7520 --- [Labtools] [           main] .s.d.r.c.RepositoryConfigurationDelegate : Bootstrapping Spring Data MongoDB repositories in DEFAULT mode.
2025-03-09T12:21:09.588-05:00  INFO 7520 --- [Labtools] [           main] .s.d.r.c.RepositoryConfigurationDelegate : Finished Spring Data repository scanning in 192 ms. Found 3 MongoDB repository interfaces.
2025-03-09T12:21:10.134-05:00  INFO 7520 --- [Labtools] [           main] org.mongodb.driver.client                : MongoClient with metadata {"application": {"name": "LabTools"}, "driver": {"name": "mongo-java-driver|sync|spring-boot", "version": "5.2.1"}, "os": {"type": "Windows", "name": "Windows 10", "architecture": "amd64", "version": "10.0"}, "platform": "Java/Eclipse Adoptium/21.0.4+7-LTS"} created with settings MongoClientSettings{readPreference=primary, writeConcern=WriteConcern{w=majority, wTimeout=null ms, journal=null}, retryWrites=true, retryReads=true, readConcern=ReadConcern{level=null}, credential=MongoCredential{mechanism=null, userName='ivanCubillos', source='admin', password=<hidden>, mechanismProperties=<hidden>}, transportSettings=null, commandListeners=[], codecRegistry=ProvidersCodecRegistry{codecProviders=[ValueCodecProvider{}, BsonValueCodecProvider{}, DBRefCodecProvider{}, DBObjectCodecProvider{}, DocumentCodecProvider{}, CollectionCodecProvider{}, IterableCodecProvider{}, MapCodecProvider{}, GeoJsonCodecProvider{}, GridFSFileCodecProvider{}, Jsr310CodecProvider{}, JsonObjectCodecProvider{}, BsonCodecProvider{}, EnumCodecProvider{}, com.mongodb.client.model.mql.ExpressionCodecProvider@61b6f287, com.mongodb.Jep395RecordCodecProvider@6ca9ec77, com.mongodb.KotlinCodecProvider@360432d3]}, loggerSettings=LoggerSettings{maxDocumentLength=1000}, clusterSettings={hosts=[127.0.0.1:27017], srvHost=labtools.idjq5.mongodb.net, srvServiceName=mongodb, mode=MULTIPLE, requiredClusterType=REPLICA_SET, requiredReplicaSetName='atlas-syywxz-shard-0', serverSelector='null', clusterListeners='[]', serverSelectionTimeout='30000 ms', localThreshold='15 ms'}, socketSettings=SocketSettings{connectTimeoutMS=10000, readTimeoutMS=0, receiveBufferSize=0, proxySettings=ProxySettings{host=null, port=null, username=null, password=null}}, heartbeatSocketSettings=SocketSettings{connectTimeoutMS=10000, readTimeoutMS=10000, receiveBufferSize=0, proxySettings=ProxySettings{host=null, port=null, username=null, password=null}}, connectionPoolSettings=ConnectionPoolSettings{maxSize=100, minSize=0, maxWaitTimeMS=120000, maxConnectionLifeTimeMS=0, maxConnectionIdleTimeMS=0, maintenanceInitialDelayMS=0, maintenanceFrequencyMS=60000, connectionPoolListeners=[], maxConnecting=2}, serverSettings=ServerSettings{heartbeatFrequencyMS=10000, minHeartbeatFrequencyMS=500, serverMonitoringMode=AUTO, serverListeners='[]', serverMonitorListeners='[]'}, sslSettings=SslSettings{enabled=true, invalidHostNameAllowed=false, context=null}, applicationName='LabTools', compressorList=[], uuidRepresentation=JAVA_LEGACY, serverApi=null, autoEncryptionSettings=null, dnsClient=null, inetAddressResolver=null, contextProvider=null, timeoutMS=null}
2025-03-09T12:21:10.189-05:00  INFO 7520 --- [Labtools] [           main] org.mongodb.driver.cluster               : Waiting for server to become available for operation with ID 2. Remaining time: 29989 ms. Selector: ReadPreferenceServerSelector{readPreference=primary}, topology description: {type=UNKNOWN, servers=[].
2025-03-09T12:21:10.262-05:00  INFO 7520 --- [Labtools] [jq5.mongodb.net] org.mongodb.driver.cluster               : Adding discovered server labtools-shard-00-01.idjq5.mongodb.net:27017 to client view of cluster
2025-03-09T12:21:10.297-05:00  INFO 7520 --- [Labtools] [jq5.mongodb.net] org.mongodb.driver.cluster               : Adding discovered server labtools-shard-00-00.idjq5.mongodb.net:27017 to client view of cluster
2025-03-09T12:21:10.300-05:00  INFO 7520 --- [Labtools] [jq5.mongodb.net] org.mongodb.driver.cluster               : Adding discovered server labtools-shard-00-02.idjq5.mongodb.net:27017 to client view of cluster
2025-03-09T12:21:11.090-05:00  INFO 7520 --- [Labtools] [ngodb.net:27017] org.mongodb.driver.cluster               : Monitor thread successfully connected to server with description ServerDescription{address=labtools-shard-00-00.idjq5.mongodb.net:27017, type=REPLICA_SET_SECONDARY, cryptd=false, state=CONNECTED, ok=true, minWireVersion=0, maxWireVersion=25, maxDocumentSize=16777216, logicalSessionTimeoutMinutes=30, roundTripTimeNanos=414622300, minRoundTripTimeNanos=0, setName='atlas-syywxz-shard-0', canonicalAddress=labtools-shard-00-00.idjq5.mongodb.net:27017, hosts=[labtools-shard-00-00.idjq5.mongodb.net:27017, labtools-shard-00-01.idjq5.mongodb.net:27017, labtools-shard-00-02.idjq5.mongodb.net:27017], passives=[], arbiters=[], primary='labtools-shard-00-02.idjq5.mongodb.net:27017', tagSet=TagSet{[Tag{name='availabilityZone', value='use1-az2'}, Tag{name='diskState', value='READY'}, Tag{name='nodeType', value='ELECTABLE'}, Tag{name='provider', value='AWS'}, Tag{name='region', value='US_EAST_1'}, Tag{name='workloadType', value='OPERATIONAL'}]}, electionId=null, setVersion=115, topologyVersion=TopologyVersion{processId=67c70eab980b92a56946a7a0, counter=4}, lastWriteDate=Sun Mar 09 12:21:09 COT 2025, lastUpdateTimeNanos=8920460314800}
2025-03-09T12:21:11.090-05:00  INFO 7520 --- [Labtools] [ngodb.net:27017] org.mongodb.driver.cluster               : Monitor thread successfully connected to server with description ServerDescription{address=labtools-shard-00-01.idjq5.mongodb.net:27017, type=REPLICA_SET_SECONDARY, cryptd=false, state=CONNECTED, ok=true, minWireVersion=0, maxWireVersion=25, maxDocumentSize=16777216, logicalSessionTimeoutMinutes=30, roundTripTimeNanos=356893000, minRoundTripTimeNanos=0, setName='atlas-syywxz-shard-0', canonicalAddress=labtools-shard-00-01.idjq5.mongodb.net:27017, hosts=[labtools-shard-00-00.idjq5.mongodb.net:27017, labtools-shard-00-01.idjq5.mongodb.net:27017, labtools-shard-00-02.idjq5.mongodb.net:27017], passives=[], arbiters=[], primary='labtools-shard-00-02.idjq5.mongodb.net:27017', tagSet=TagSet{[Tag{name='availabilityZone', value='use1-az4'}, Tag{name='diskState', value='READY'}, Tag{name='nodeType', value='ELECTABLE'}, Tag{name='provider', value='AWS'}, Tag{name='region', value='US_EAST_1'}, Tag{name='workloadType', value='OPERATIONAL'}]}, electionId=null, setVersion=115, topologyVersion=TopologyVersion{processId=67c70f4021460c02734468f5, counter=3}, lastWriteDate=Sun Mar 09 12:21:09 COT 2025, lastUpdateTimeNanos=8920460314900}
2025-03-09T12:21:11.090-05:00  INFO 7520 --- [Labtools] [ngodb.net:27017] org.mongodb.driver.cluster               : Monitor thread successfully connected to server with description ServerDescription{address=labtools-shard-00-02.idjq5.mongodb.net:27017, type=REPLICA_SET_PRIMARY, cryptd=false, state=CONNECTED, ok=true, minWireVersion=0, maxWireVersion=25, maxDocumentSize=16777216, logicalSessionTimeoutMinutes=30, roundTripTimeNanos=399363600, minRoundTripTimeNanos=0, setName='atlas-syywxz-shard-0', canonicalAddress=labtools-shard-00-02.idjq5.mongodb.net:27017, hosts=[labtools-shard-00-00.idjq5.mongodb.net:27017, labtools-shard-00-01.idjq5.mongodb.net:27017, labtools-shard-00-02.idjq5.mongodb.net:27017], passives=[], arbiters=[], primary='labtools-shard-00-02.idjq5.mongodb.net:27017', tagSet=TagSet{[Tag{name='availabilityZone', value='use1-az6'}, Tag{name='diskState', value='READY'}, Tag{name='nodeType', value='ELECTABLE'}, Tag{name='provider', value='AWS'}, Tag{name='region', value='US_EAST_1'}, Tag{name='workloadType', value='OPERATIONAL'}]}, electionId=7fffffff00000000000001ac, setVersion=115, topologyVersion=TopologyVersion{processId=67c70ef6a17712c4bd8effa7, counter=6}, lastWriteDate=Sun Mar 09 12:21:09 COT 2025, lastUpdateTimeNanos=8920460315000}
2025-03-09T12:21:11.093-05:00  INFO 7520 --- [Labtools] [ngodb.net:27017] org.mongodb.driver.cluster               : Discovered replica set primary labtools-shard-00-02.idjq5.mongodb.net:27017 with max election id 7fffffff00000000000001ac and max set version 115
2025-03-09T12:21:13.016-05:00  INFO 7520 --- [Labtools] [           main] .c.L.s.BasicEmailVerificationServiceTest : Started BasicEmailVerificationServiceTest in 4.767 seconds (process running for 6.3)
]]></system-out>
    <system-err><![CDATA[Mockito is currently self-attaching to enable the inline-mock-maker. This will no longer work in future releases of the JDK. Please add Mockito as an agent to your build what is described in Mockito's documentation: https://javadoc.io/doc/org.mockito/mockito-core/latest/org/mockito/Mockito.html#0.3
WARNING: A Java agent has been loaded dynamically (C:\Users\Yojhan\.m2\repository\net\bytebuddy\byte-buddy-agent\1.15.11\byte-buddy-agent-1.15.11.jar)
WARNING: If a serviceability tool is in use, please run with -XX:+EnableDynamicAgentLoading to hide this warning
WARNING: If a serviceability tool is not in use, please run with -Djdk.instrument.traceUsage for more information
WARNING: Dynamic loading of agents will be disallowed by default in a future release
]]></system-err>
  </testcase>
</testsuite>