<?xml version="1.0" encoding="UTF-8"?>
<testsuite xmlns:xsi="http://www.w3.org/2001/XMLSchema-instance" xsi:noNamespaceSchemaLocation="https://maven.apache.org/surefire/maven-surefire-plugin/xsd/surefire-test-report.xsd" version="3.0.2" name="edu.eci.cvds.Labtools.controller.LoginControllerTest" time="5.478" tests="4" errors="0" skipped="0" failures="0">
  <properties>
[...]
</properties>
  <testcase name="testLogUserThatNotExistInDataBase" classname="edu.eci.cvds.Labtools.controller.LoginControllerTest" time="0.489">
    <system-out><![CDATA[14:56:21.249 [main] INFO org.springframework.test.context.support.AnnotationConfigContextLoaderUtils -- Could not detect default configuration classes for test class [edu.eci.cvds.Labtools.controller.LoginControllerTest]: LoginControllerTest does not declare any static, non-private, non-final, nested classes annotated with @Configuration.
14:56:21.437 [main] INFO org.springframework.boot.test.context.SpringBootTestContextBootstrapper -- Found @SpringBootConfiguration edu.eci.cvds.Labtools.LabtoolsApplication for test class edu.eci.cvds.Labtools.controller.LoginControllerTest

  .   ____          _            __ _ _
 /\\ / ___'_ __ _ _(_)_ __  __ _ \ \ \ \
( ( )\___ | '_ | '_| | '_ \/ _` | \ \ \ \
 \\/  ___)| |_)| | | | | || (_| |  ) ) ) )
  '  |____| .__|_| |_|_| |_\__, | / / / /
 =========|_|==============|___/=/_/_/_/

 :: Spring Boot ::                (v3.4.3)

2025-03-30T14:56:22.017-05:00  INFO 10848 --- [labtools] [           main] e.e.c.L.controller.LoginControllerTest   : Starting LoginControllerTest using Java 23.0.1 with PID 10848 (started by migue in C:\Users\migue\Desktop\Sexto Semestre\CVDS\proyectoCVDSPrimerCorte\Skynet2.0Back)
2025-03-30T14:56:22.019-05:00  INFO 10848 --- [labtools] [           main] e.e.c.L.controller.LoginControllerTest   : No active profile set, falling back to 1 default profile: "default"
2025-03-30T14:56:22.746-05:00  INFO 10848 --- [labtools] [           main] .s.d.r.c.RepositoryConfigurationDelegate : Bootstrapping Spring Data MongoDB repositories in DEFAULT mode.
2025-03-30T14:56:22.909-05:00  INFO 10848 --- [labtools] [           main] .s.d.r.c.RepositoryConfigurationDelegate : Finished Spring Data repository scanning in 157 ms. Found 3 MongoDB repository interfaces.
2025-03-30T14:56:24.364-05:00  INFO 10848 --- [labtools] [jq5.mongodb.net] org.mongodb.driver.cluster               : Adding discovered server labtools-shard-00-01.idjq5.mongodb.net:27017 to client view of cluster
2025-03-30T14:56:24.397-05:00  INFO 10848 --- [labtools] [           main] org.mongodb.driver.client                : MongoClient with metadata {"application": {"name": "labTools"}, "driver": {"name": "mongo-java-driver|sync|spring-boot", "version": "5.2.1"}, "os": {"type": "Windows", "name": "Windows 10", "architecture": "amd64", "version": "10.0"}, "platform": "Java/Oracle Corporation/23.0.1+11-39"} created with settings MongoClientSettings{readPreference=primary, writeConcern=WriteConcern{w=majority, wTimeout=null ms, journal=null}, retryWrites=true, retryReads=true, readConcern=ReadConcern{level=null}, credential=MongoCredential{mechanism=null, userName='ivanCubillos', source='admin', password=<hidden>, mechanismProperties=<hidden>}, transportSettings=null, commandListeners=[], codecRegistry=ProvidersCodecRegistry{codecProviders=[ValueCodecProvider{}, BsonValueCodecProvider{}, DBRefCodecProvider{}, DBObjectCodecProvider{}, DocumentCodecProvider{}, CollectionCodecProvider{}, IterableCodecProvider{}, MapCodecProvider{}, GeoJsonCodecProvider{}, GridFSFileCodecProvider{}, Jsr310CodecProvider{}, JsonObjectCodecProvider{}, BsonCodecProvider{}, EnumCodecProvider{}, com.mongodb.client.model.mql.ExpressionCodecProvider@5ec2462, com.mongodb.Jep395RecordCodecProvider@5d81bc79, com.mongodb.KotlinCodecProvider@c9dcfcd]}, loggerSettings=LoggerSettings{maxDocumentLength=1000}, clusterSettings={hosts=[127.0.0.1:27017], srvHost=labtools.idjq5.mongodb.net, srvServiceName=mongodb, mode=MULTIPLE, requiredClusterType=REPLICA_SET, requiredReplicaSetName='atlas-syywxz-shard-0', serverSelector='null', clusterListeners='[]', serverSelectionTimeout='30000 ms', localThreshold='15 ms'}, socketSettings=SocketSettings{connectTimeoutMS=10000, readTimeoutMS=0, receiveBufferSize=0, proxySettings=ProxySettings{host=null, port=null, username=null, password=null}}, heartbeatSocketSettings=SocketSettings{connectTimeoutMS=10000, readTimeoutMS=10000, receiveBufferSize=0, proxySettings=ProxySettings{host=null, port=null, username=null, password=null}}, connectionPoolSettings=ConnectionPoolSettings{maxSize=100, minSize=0, maxWaitTimeMS=120000, maxConnectionLifeTimeMS=0, maxConnectionIdleTimeMS=0, maintenanceInitialDelayMS=0, maintenanceFrequencyMS=60000, connectionPoolListeners=[], maxConnecting=2}, serverSettings=ServerSettings{heartbeatFrequencyMS=10000, minHeartbeatFrequencyMS=500, serverMonitoringMode=AUTO, serverListeners='[]', serverMonitorListeners='[]'}, sslSettings=SslSettings{enabled=true, invalidHostNameAllowed=false, context=null}, applicationName='labTools', compressorList=[], uuidRepresentation=JAVA_LEGACY, serverApi=null, autoEncryptionSettings=null, dnsClient=null, inetAddressResolver=null, contextProvider=null, timeoutMS=null}
2025-03-30T14:56:24.407-05:00  INFO 10848 --- [labtools] [jq5.mongodb.net] org.mongodb.driver.cluster               : Adding discovered server labtools-shard-00-00.idjq5.mongodb.net:27017 to client view of cluster
2025-03-30T14:56:24.411-05:00  INFO 10848 --- [labtools] [jq5.mongodb.net] org.mongodb.driver.cluster               : Adding discovered server labtools-shard-00-02.idjq5.mongodb.net:27017 to client view of cluster
2025-03-30T14:56:24.963-05:00  WARN 10848 --- [labtools] [           main] .s.s.UserDetailsServiceAutoConfiguration : 

Using generated security password: 1e479a77-a591-4c23-a639-18bee8a20afb

This generated password is for development use only. Your security configuration must be updated before running your application in production.

2025-03-30T14:56:24.988-05:00  INFO 10848 --- [labtools] [           main] r$InitializeUserDetailsManagerConfigurer : Global AuthenticationManager configured with UserDetailsService bean with name inMemoryUserDetailsManager
2025-03-30T14:56:25.097-05:00  INFO 10848 --- [labtools] [ngodb.net:27017] org.mongodb.driver.cluster               : Monitor thread successfully connected to server with description ServerDescription{address=labtools-shard-00-01.idjq5.mongodb.net:27017, type=REPLICA_SET_PRIMARY, cryptd=false, state=CONNECTED, ok=true, minWireVersion=0, maxWireVersion=25, maxDocumentSize=16777216, logicalSessionTimeoutMinutes=30, roundTripTimeNanos=467628100, minRoundTripTimeNanos=0, setName='atlas-syywxz-shard-0', canonicalAddress=labtools-shard-00-01.idjq5.mongodb.net:27017, hosts=[labtools-shard-00-00.idjq5.mongodb.net:27017, labtools-shard-00-01.idjq5.mongodb.net:27017, labtools-shard-00-02.idjq5.mongodb.net:27017], passives=[], arbiters=[], primary='labtools-shard-00-01.idjq5.mongodb.net:27017', tagSet=TagSet{[Tag{name='availabilityZone', value='use1-az4'}, Tag{name='diskState', value='READY'}, Tag{name='nodeType', value='ELECTABLE'}, Tag{name='provider', value='AWS'}, Tag{name='region', value='US_EAST_1'}, Tag{name='workloadType', value='OPERATIONAL'}]}, electionId=7fffffff00000000000001af, setVersion=115, topologyVersion=TopologyVersion{processId=67d32b24a7eaf0e41e6e9337, counter=6}, lastWriteDate=Sun Mar 30 14:56:26 GMT-05:00 2025, lastUpdateTimeNanos=248160749826500}
2025-03-30T14:56:25.097-05:00  INFO 10848 --- [labtools] [ngodb.net:27017] org.mongodb.driver.cluster               : Monitor thread successfully connected to server with description ServerDescription{address=labtools-shard-00-02.idjq5.mongodb.net:27017, type=REPLICA_SET_SECONDARY, cryptd=false, state=CONNECTED, ok=true, minWireVersion=0, maxWireVersion=25, maxDocumentSize=16777216, logicalSessionTimeoutMinutes=30, roundTripTimeNanos=467627600, minRoundTripTimeNanos=0, setName='atlas-syywxz-shard-0', canonicalAddress=labtools-shard-00-02.idjq5.mongodb.net:27017, hosts=[labtools-shard-00-00.idjq5.mongodb.net:27017, labtools-shard-00-01.idjq5.mongodb.net:27017, labtools-shard-00-02.idjq5.mongodb.net:27017], passives=[], arbiters=[], primary='labtools-shard-00-01.idjq5.mongodb.net:27017', tagSet=TagSet{[Tag{name='availabilityZone', value='use1-az6'}, Tag{name='diskState', value='READY'}, Tag{name='nodeType', value='ELECTABLE'}, Tag{name='provider', value='AWS'}, Tag{name='region', value='US_EAST_1'}, Tag{name='workloadType', value='OPERATIONAL'}]}, electionId=null, setVersion=115, topologyVersion=TopologyVersion{processId=67db005a1217e27817c224c9, counter=3}, lastWriteDate=Sun Mar 30 14:56:26 GMT-05:00 2025, lastUpdateTimeNanos=248160749826500}
2025-03-30T14:56:25.097-05:00  INFO 10848 --- [labtools] [ngodb.net:27017] org.mongodb.driver.cluster               : Monitor thread successfully connected to server with description ServerDescription{address=labtools-shard-00-00.idjq5.mongodb.net:27017, type=REPLICA_SET_SECONDARY, cryptd=false, state=CONNECTED, ok=true, minWireVersion=0, maxWireVersion=25, maxDocumentSize=16777216, logicalSessionTimeoutMinutes=30, roundTripTimeNanos=467628400, minRoundTripTimeNanos=0, setName='atlas-syywxz-shard-0', canonicalAddress=labtools-shard-00-00.idjq5.mongodb.net:27017, hosts=[labtools-shard-00-00.idjq5.mongodb.net:27017, labtools-shard-00-01.idjq5.mongodb.net:27017, labtools-shard-00-02.idjq5.mongodb.net:27017], passives=[], arbiters=[], primary='labtools-shard-00-01.idjq5.mongodb.net:27017', tagSet=TagSet{[Tag{name='availabilityZone', value='use1-az2'}, Tag{name='diskState', value='READY'}, Tag{name='nodeType', value='ELECTABLE'}, Tag{name='provider', value='AWS'}, Tag{name='region', value='US_EAST_1'}, Tag{name='workloadType', value='OPERATIONAL'}]}, electionId=null, setVersion=115, topologyVersion=TopologyVersion{processId=67d85ca7ca3ad766d3a50b28, counter=4}, lastWriteDate=Sun Mar 30 14:56:26 GMT-05:00 2025, lastUpdateTimeNanos=248160749826500}
2025-03-30T14:56:25.100-05:00  INFO 10848 --- [labtools] [ngodb.net:27017] org.mongodb.driver.cluster               : Discovered replica set primary labtools-shard-00-01.idjq5.mongodb.net:27017 with max election id 7fffffff00000000000001af and max set version 115
2025-03-30T14:56:25.754-05:00  INFO 10848 --- [labtools] [           main] o.s.b.t.m.w.SpringBootMockServletContext : Initializing Spring TestDispatcherServlet ''
2025-03-30T14:56:25.754-05:00  INFO 10848 --- [labtools] [           main] o.s.t.web.servlet.TestDispatcherServlet  : Initializing Servlet ''
2025-03-30T14:56:25.756-05:00  INFO 10848 --- [labtools] [           main] o.s.t.web.servlet.TestDispatcherServlet  : Completed initialization in 1 ms
2025-03-30T14:56:25.783-05:00  INFO 10848 --- [labtools] [           main] e.e.c.L.controller.LoginControllerTest   : Started LoginControllerTest in 4.143 seconds (process running for 5.845)
]]></system-out>
    <system-err><![CDATA[Mockito is currently self-attaching to enable the inline-mock-maker. This will no longer work in future releases of the JDK. Please add Mockito as an agent to your build what is described in Mockito's documentation: https://javadoc.io/doc/org.mockito/mockito-core/latest/org/mockito/Mockito.html#0.3
WARNING: A Java agent has been loaded dynamically (C:\Users\migue\.m2\repository\net\bytebuddy\byte-buddy-agent\1.15.11\byte-buddy-agent-1.15.11.jar)
WARNING: If a serviceability tool is in use, please run with -XX:+EnableDynamicAgentLoading to hide this warning
WARNING: If a serviceability tool is not in use, please run with -Djdk.instrument.traceUsage for more information
WARNING: Dynamic loading of agents will be disallowed by default in a future release
]]></system-err>
  </testcase>
  <testcase name="testLogUserThatExistInDataBase" classname="edu.eci.cvds.Labtools.controller.LoginControllerTest" time="0.153"/>
  <testcase name="testEmailVerificationWithAGoodEmail" classname="edu.eci.cvds.Labtools.controller.LoginControllerTest" time="0.022"/>
  <testcase name="testEmailVerificationWithBadEmail" classname="edu.eci.cvds.Labtools.controller.LoginControllerTest" time="0.006"/>
</testsuite>